#
# There is insufficient memory for the Java Runtime Environment to continue.
# Native memory allocation (malloc) failed to allocate 1048576 bytes for AllocateHeap
# Possible reasons:
#   The system is out of physical RAM or swap space
#   The process is running with CompressedOops enabled, and the Java Heap may be blocking the growth of the native heap
# Possible solutions:
#   Reduce memory load on the system
#   Increase physical memory or swap space
#   Check if swap backing store is full
#   Decrease Java heap size (-Xmx/-Xms)
#   Decrease number of Java threads
#   Decrease Java thread stack sizes (-Xss)
#   Set larger code cache with -XX:ReservedCodeCacheSize=
#   JVM is running with Unscaled Compressed Oops mode in which the Java heap is
#     placed in the first 4GB address space. The Java Heap base address is the
#     maximum limit for the native heap growth. Please use -XX:HeapBaseMinAddress
#     to set the Java Heap base and to place the Java Heap above 4GB virtual address.
# This output file may be truncated or incomplete.
#
#  Out of Memory Error (allocation.cpp:44), pid=29888, tid=31076
#
# JRE version:  (17.0.10+11) (build )
# Java VM: Java HotSpot(TM) 64-Bit Server VM (17.0.10+11-LTS-240, mixed mode, sharing, tiered, compressed oops, compressed class ptrs, g1 gc, windows-amd64)
# No core dump will be written. Minidumps are not enabled by default on client versions of Windows
#

---------------  S U M M A R Y ------------

Command Line: -Dfile.encoding=UTF-8 --module-path=E:\sssss\bank managemwnt system\build\classes bank.management.system.SignupTwo

Host: AMD Ryzen 5 5500U with Radeon Graphics         , 12 cores, 7G,  Windows 11 , 64 bit Build 22621 (10.0.22621.3527)
Time: Fri Jun  7 09:04:06 2024 India Standard Time elapsed time: 0.010260 seconds (0d 0h 0m 0s)

---------------  T H R E A D  ---------------

Current thread (0x000001d4f3f9f380):  JavaThread "Unknown thread" [_thread_in_vm, id=31076, stack(0x0000006c7f800000,0x0000006c7f900000)]

Stack: [0x0000006c7f800000,0x0000006c7f900000]
Native frames: (J=compiled Java code, j=interpreted, Vv=VM code, C=native code)
V  [jvm.dll+0x677a5a]
V  [jvm.dll+0x7d8b2d]
V  [jvm.dll+0x7da48e]
V  [jvm.dll+0x7daaf3]
V  [jvm.dll+0x2455ff]
V  [jvm.dll+0xa5173]
V  [jvm.dll+0x2e30ae]
V  [jvm.dll+0x2dadcb]
V  [jvm.dll+0x7aa551]
V  [jvm.dll+0x367911]
V  [jvm.dll+0x789639]
V  [jvm.dll+0x3eb30f]
V  [jvm.dll+0x3ecd91]
C  [jli.dll+0x5297]
C  [ucrtbase.dll+0x29333]
C  [KERNEL32.DLL+0x1257d]
C  [ntdll.dll+0x5aa48]


---------------  P R O C E S S  ---------------

Threads class SMR info:
_java_thread_list=0x00007ff87b0e6a18, length=0, elements={
}

Java Threads: ( => current thread )

Other Threads:
  0x000001d4f3ff6010 GCTaskThread "GC Thread#0" [stack: 0x0000006c7f900000,0x0000006c7fa00000] [id=25372]

[error occurred during error reporting (printing all threads), id 0xc0000005, EXCEPTION_ACCESS_VIOLATION (0xc0000005) at pc=0x00007ff87a918020]

VM state: not at safepoint (not fully initialized)

VM Mutex/Monitor currently owned by a thread:  ([mutex/lock_event])
[0x000001d4f3f9af90] Heap_lock - owner thread: 0x000001d4f3f9f380

Heap address: 0x000000008a400000, size: 1884 MB, Compressed Oops mode: 32-bit

CDS archive(s) mapped at: [0x0000000000000000-0x0000000000000000-0x0000000000000000), size 0, SharedBaseAddress: 0x0000000800000000, ArchiveRelocationMode: 1.
Narrow klass base: 0x0000000000000000, Narrow klass shift: 0, Narrow klass range: 0x0

GC Precious Log:
<Empty>

Heap:
 garbage-first heap   total 0K, used 0K [0x000000008a400000, 0x0000000100000000)
  region size 1024K, 0 young (0K), 0 survivors (0K)

[error occurred during error reporting (printing heap information), id 0xc0000005, EXCEPTION_ACCESS_VIOLATION (0xc0000005) at pc=0x00007ff87ad01249]

GC Heap History (0 events):
No events

Deoptimization events (0 events):
No events

Classes unloaded (0 events):
No events

Classes redefined (0 events):
No events

Internal exceptions (0 events):
No events

VM Operations (0 events):
No events

Events (1 events):
Event: 0.007 Loaded shared library C:\Program Files\Java\jdk-17\bin\java.dll


Dynamic libraries:
0x00007ff763cc0000 - 0x00007ff763cd0000 	C:\Program Files\Java\jdk-17\bin\java.exe
0x00007ff8e5150000 - 0x00007ff8e5367000 	C:\WINDOWS\SYSTEM32\ntdll.dll
0x00007ff8e4170000 - 0x00007ff8e4234000 	C:\WINDOWS\System32\KERNEL32.DLL
0x00007ff8e2470000 - 0x00007ff8e2817000 	C:\WINDOWS\System32\KERNELBASE.dll
0x00007ff8e2b30000 - 0x00007ff8e2c41000 	C:\WINDOWS\System32\ucrtbase.dll
0x00007ff899980000 - 0x00007ff89999b000 	C:\Program Files\Java\jdk-17\bin\VCRUNTIME140.dll
0x00007ff8d7260000 - 0x00007ff8d7279000 	C:\Program Files\Java\jdk-17\bin\jli.dll
0x00007ff8e3c40000 - 0x00007ff8e3cf2000 	C:\WINDOWS\System32\ADVAPI32.dll
0x00007ff8e40c0000 - 0x00007ff8e4167000 	C:\WINDOWS\System32\msvcrt.dll
0x00007ff8e2e80000 - 0x00007ff8e2f28000 	C:\WINDOWS\System32\sechost.dll
0x00007ff8e2b00000 - 0x00007ff8e2b28000 	C:\WINDOWS\System32\bcrypt.dll
0x00007ff8e4780000 - 0x00007ff8e4895000 	C:\WINDOWS\System32\RPCRT4.dll
0x00007ff8e3830000 - 0x00007ff8e39de000 	C:\WINDOWS\System32\USER32.dll
0x00007ff8e2890000 - 0x00007ff8e28b6000 	C:\WINDOWS\System32\win32u.dll
0x00007ff8d12b0000 - 0x00007ff8d1543000 	C:\WINDOWS\WinSxS\amd64_microsoft.windows.common-controls_6595b64144ccf1df_6.0.22621.3527_none_270e469b73872a76\COMCTL32.dll
0x00007ff8e3d00000 - 0x00007ff8e3d29000 	C:\WINDOWS\System32\GDI32.dll
0x00007ff8e28c0000 - 0x00007ff8e29d9000 	C:\WINDOWS\System32\gdi32full.dll
0x00007ff8e2a60000 - 0x00007ff8e2afa000 	C:\WINDOWS\System32\msvcp_win.dll
0x00007ff8d79c0000 - 0x00007ff8d79ca000 	C:\WINDOWS\SYSTEM32\VERSION.dll
0x00007ff8e2fc0000 - 0x00007ff8e2ff1000 	C:\WINDOWS\System32\IMM32.DLL
0x00007ff8d7090000 - 0x00007ff8d709c000 	C:\Program Files\Java\jdk-17\bin\vcruntime140_1.dll
0x00007ff875540000 - 0x00007ff8755ce000 	C:\Program Files\Java\jdk-17\bin\msvcp140.dll
0x00007ff87a630000 - 0x00007ff87b20f000 	C:\Program Files\Java\jdk-17\bin\server\jvm.dll
0x00007ff8e2f30000 - 0x00007ff8e2f38000 	C:\WINDOWS\System32\PSAPI.DLL
0x00007ff8d9d50000 - 0x00007ff8d9d84000 	C:\WINDOWS\SYSTEM32\WINMM.dll
0x00007ff8dbca0000 - 0x00007ff8dbca9000 	C:\WINDOWS\SYSTEM32\WSOCK32.dll
0x00007ff8e4250000 - 0x00007ff8e42c1000 	C:\WINDOWS\System32\WS2_32.dll
0x00007ff8e1490000 - 0x00007ff8e14a8000 	C:\WINDOWS\SYSTEM32\kernel.appcore.dll
0x00007ff8cddf0000 - 0x00007ff8cddfa000 	C:\Program Files\Java\jdk-17\bin\jimage.dll
0x00007ff8d8040000 - 0x00007ff8d8272000 	C:\WINDOWS\SYSTEM32\DBGHELP.DLL
0x00007ff8e3d30000 - 0x00007ff8e40b8000 	C:\WINDOWS\System32\combase.dll
0x00007ff8e3000000 - 0x00007ff8e30d7000 	C:\WINDOWS\System32\OLEAUT32.dll
0x00007ff8caf40000 - 0x00007ff8caf72000 	C:\WINDOWS\SYSTEM32\dbgcore.DLL
0x00007ff8e29e0000 - 0x00007ff8e2a59000 	C:\WINDOWS\System32\bcryptPrimitives.dll
0x00007ff882a10000 - 0x00007ff882a35000 	C:\Program Files\Java\jdk-17\bin\java.dll

dbghelp: loaded successfully - version: 4.0.5 - missing functions: none
symbol engine: initialized successfully - sym options: 0x614 - pdb path: .;C:\Program Files\Java\jdk-17\bin;C:\WINDOWS\SYSTEM32;C:\WINDOWS\WinSxS\amd64_microsoft.windows.common-controls_6595b64144ccf1df_6.0.22621.3527_none_270e469b73872a76;C:\Program Files\Java\jdk-17\bin\server

VM Arguments:
jvm_args: -Dfile.encoding=UTF-8 --module-path=E:\sssss\bank managemwnt system\build\classes 
java_command: bank.management.system.SignupTwo
java_class_path (initial): E:\sssss\jcalendar-tz-1.3.3-4.jar;E:\sssss\mysql-connector-java-8.0.28.jar;E:\sssss\bank managemwnt system\build\classes
Launcher Type: SUN_STANDARD

[Global flags]
     intx CICompilerCount                          = 4                                         {product} {ergonomic}
     uint ConcGCThreads                            = 3                                         {product} {ergonomic}
     uint G1ConcRefinementThreads                  = 10                                        {product} {ergonomic}
   size_t G1HeapRegionSize                         = 1048576                                   {product} {ergonomic}
    uintx GCDrainStackTargetSize                   = 64                                        {product} {ergonomic}
   size_t InitialHeapSize                          = 123731968                                 {product} {ergonomic}
   size_t MarkStackSize                            = 4194304                                   {product} {ergonomic}
   size_t MaxHeapSize                              = 1975517184                                {product} {ergonomic}
   size_t MinHeapDeltaBytes                        = 1048576                                   {product} {ergonomic}
   size_t MinHeapSize                              = 8388608                                   {product} {ergonomic}
    uintx NonNMethodCodeHeapSize                   = 5839372                                {pd product} {ergonomic}
    uintx NonProfiledCodeHeapSize                  = 122909434                              {pd product} {ergonomic}
    uintx ProfiledCodeHeapSize                     = 122909434                              {pd product} {ergonomic}
    uintx ReservedCodeCacheSize                    = 251658240                              {pd product} {ergonomic}
     bool SegmentedCodeCache                       = true                                      {product} {ergonomic}
   size_t SoftMaxHeapSize                          = 1975517184                             {manageable} {ergonomic}
     bool UseCompressedClassPointers               = true                           {product lp64_product} {ergonomic}
     bool UseCompressedOops                        = true                           {product lp64_product} {ergonomic}
     bool UseG1GC                                  = true                                      {product} {ergonomic}
     bool UseLargePagesIndividualAllocation        = false                                  {pd product} {ergonomic}

Logging:
Log output configuration:
 #0: stdout all=warning uptime,level,tags
 #1: stderr all=off uptime,level,tags

Environment Variables:
JAVA_HOME=C:\Program Files\Java\jdk-17
PATH=C:\Program Files\Python312\Scripts\;C:\Program Files\Python312\;C:\Program Files\Common Files\Oracle\Java\javapath;C:\WINDOWS\system32;C:\WINDOWS;C:\WINDOWS\System32\Wbem;C:\WINDOWS\System32\WindowsPowerShell\v1.0\;C:\WINDOWS\System32\OpenSSH\;C:\Program Files\Git\cmd;C:\Program Files\dotnet\;C:\;C:\Program Files\Java\jdk-17\bin;C:\Program Files\MySQL\MySQL Shell 8.0\bin\;C:\Users\Piyush khare\AppData\Local\Microsoft\WindowsApps;C:\Users\Piyush khare\AppData\Local\Programs\Microsoft VS Code\bin;C:\Users\Piyush khare\AppData\Local\GitHubDesktop\bin;C:\Users\Piyush khare\AppData\Roaming\npm;C:\Program Files\Git\bin;;E:\Python\PyCharm Community Edition 2024.1.1\bin;
USERNAME=Piyush khare
OS=Windows_NT
PROCESSOR_IDENTIFIER=AMD64 Family 23 Model 104 Stepping 1, AuthenticAMD



---------------  S Y S T E M  ---------------

OS:
 Windows 11 , 64 bit Build 22621 (10.0.22621.3527)
OS uptime: 9 days 18:33 hours

CPU: total 12 (initial active 12) (12 cores per cpu, 2 threads per core) family 23 model 104 stepping 1 microcode 0x0, cx8, cmov, fxsr, ht, mmx, 3dnowpref, sse, sse2, sse3, ssse3, sse4a, sse4.1, sse4.2, popcnt, lzcnt, tsc, tscinvbit, avx, avx2, aes, clmul, bmi1, bmi2, adx, sha, fma, vzeroupper, clflush, clflushopt

Memory: 4k page, system-wide physical 7528M (443M free)
TotalPageFile size 31080M (AvailPageFile size 4M)
current process WorkingSet (physical memory assigned to process): 11M, peak: 11M
current process commit charge ("private bytes"): 60M, peak: 61M

vm_info: Java HotSpot(TM) 64-Bit Server VM (17.0.10+11-LTS-240) for windows-amd64 JRE (17.0.10+11-LTS-240), built on Dec 19 2023 21:47:25 by "mach5one" with MS VC++ 17.1 (VS2022)

END.
