#
# There is insufficient memory for the Java Runtime Environment to continue.
# Native memory allocation (malloc) failed to allocate 32744 bytes for ChunkPool::allocate
# Possible reasons:
#   The system is out of physical RAM or swap space
#   The process is running with CompressedOops enabled, and the Java Heap may be blocking the growth of the native heap
# Possible solutions:
#   Reduce memory load on the system
#   Increase physical memory or swap space
#   Check if swap backing store is full
#   Decrease Java heap size (-Xmx/-Xms)
#   Decrease number of Java threads
#   Decrease Java thread stack sizes (-Xss)
#   Set larger code cache with -XX:ReservedCodeCacheSize=
#   JVM is running with Unscaled Compressed Oops mode in which the Java heap is
#     placed in the first 4GB address space. The Java Heap base address is the
#     maximum limit for the native heap growth. Please use -XX:HeapBaseMinAddress
#     to set the Java Heap base and to place the Java Heap above 4GB virtual address.
# This output file may be truncated or incomplete.
#
#  Out of Memory Error (arena.cpp:78), pid=6540, tid=6872
#
# JRE version: Java(TM) SE Runtime Environment (17.0.10+11) (build 17.0.10+11-LTS-240)
# Java VM: Java HotSpot(TM) 64-Bit Server VM (17.0.10+11-LTS-240, mixed mode, sharing, tiered, compressed oops, compressed class ptrs, g1 gc, windows-amd64)
# No core dump will be written. Minidumps are not enabled by default on client versions of Windows
#

---------------  S U M M A R Y ------------

Command Line: -Dfile.encoding=UTF-8 --module-path=E:\sssss\bank managemwnt system\build\classes bank.management.system.SignupThree

Host: AMD Ryzen 5 5500U with Radeon Graphics         , 12 cores, 7G,  Windows 11 , 64 bit Build 22621 (10.0.22621.3527)
Time: Mon Jun  3 18:11:55 2024 India Standard Time elapsed time: 1.037017 seconds (0d 0h 0m 1s)

---------------  T H R E A D  ---------------

Current thread (0x0000028b78b79680):  JavaThread "C2 CompilerThread0" daemon [_thread_in_native, id=6872, stack(0x000000d9ae000000,0x000000d9ae100000)]


Current CompileTask:
C2:   1037  990   !   4       sun.font.TrueTypeFont::getTableBuffer (215 bytes)

Stack: [0x000000d9ae000000,0x000000d9ae100000]
Native frames: (J=compiled Java code, j=interpreted, Vv=VM code, C=native code)
V  [jvm.dll+0x677a5a]
V  [jvm.dll+0x7d8b2d]
V  [jvm.dll+0x7da48e]
V  [jvm.dll+0x7daaf3]
V  [jvm.dll+0x2455ff]
V  [jvm.dll+0xaad50]
V  [jvm.dll+0xab09c]
V  [jvm.dll+0x63c062]
V  [jvm.dll+0x63bab0]
V  [jvm.dll+0x1cdc1d]
V  [jvm.dll+0x341658]
V  [jvm.dll+0x2a9cf9]
V  [jvm.dll+0x690083]
V  [jvm.dll+0x688056]
V  [jvm.dll+0x6876a0]
V  [jvm.dll+0x6855aa]
V  [jvm.dll+0x1a666c]
V  [jvm.dll+0x2aa21c]
V  [jvm.dll+0x690083]
V  [jvm.dll+0x688056]
V  [jvm.dll+0x6876a0]
V  [jvm.dll+0x6855aa]
V  [jvm.dll+0x1a666c]
V  [jvm.dll+0x2aa21c]
V  [jvm.dll+0x690083]
V  [jvm.dll+0x688056]
V  [jvm.dll+0x6876a0]
V  [jvm.dll+0x6855aa]
V  [jvm.dll+0x1a666c]
V  [jvm.dll+0x2aa21c]
V  [jvm.dll+0x690083]
V  [jvm.dll+0x688056]
V  [jvm.dll+0x6876a0]
V  [jvm.dll+0x6855aa]
V  [jvm.dll+0x1a666c]
V  [jvm.dll+0x2aa21c]
V  [jvm.dll+0x690083]
V  [jvm.dll+0x688056]
V  [jvm.dll+0x6876a0]
V  [jvm.dll+0x6855aa]
V  [jvm.dll+0x1a666c]
V  [jvm.dll+0x1a71fb]
V  [jvm.dll+0x2aa21c]
V  [jvm.dll+0x690083]
V  [jvm.dll+0x688056]
V  [jvm.dll+0x6876a0]
V  [jvm.dll+0x6855aa]
V  [jvm.dll+0x1a666c]
V  [jvm.dll+0x216938]
V  [jvm.dll+0x1a3410]
V  [jvm.dll+0x226aeb]
V  [jvm.dll+0x224cab]
V  [jvm.dll+0x78e45c]
V  [jvm.dll+0x78888a]
V  [jvm.dll+0x676935]
C  [ucrtbase.dll+0x29333]
C  [KERNEL32.DLL+0x1257d]
C  [ntdll.dll+0x5aa48]


---------------  P R O C E S S  ---------------

Threads class SMR info:
_java_thread_list=0x0000028b7da444d0, length=18, elements={
0x0000028b78b5bf20, 0x0000028b78b5ecb0, 0x0000028b78b71e80, 0x0000028b78b72840,
0x0000028b78b74210, 0x0000028b78b74bd0, 0x0000028b78b79680, 0x0000028b78b85070,
0x0000028b78b8e150, 0x0000028b7d0cc300, 0x0000028b7d1616b0, 0x0000028b7d2f9450,
0x0000028b7d2f9930, 0x0000028b7d2fa160, 0x0000028b7d957a70, 0x0000028b5ab2d430,
0x0000028b7d15f380, 0x0000028b7db75180
}

Java Threads: ( => current thread )
  0x0000028b78b5bf20 JavaThread "Reference Handler" daemon [_thread_blocked, id=20844, stack(0x000000d9ada00000,0x000000d9adb00000)]
  0x0000028b78b5ecb0 JavaThread "Finalizer" daemon [_thread_blocked, id=10172, stack(0x000000d9adb00000,0x000000d9adc00000)]
  0x0000028b78b71e80 JavaThread "Signal Dispatcher" daemon [_thread_blocked, id=10280, stack(0x000000d9adc00000,0x000000d9add00000)]
  0x0000028b78b72840 JavaThread "Attach Listener" daemon [_thread_blocked, id=14420, stack(0x000000d9add00000,0x000000d9ade00000)]
  0x0000028b78b74210 JavaThread "Service Thread" daemon [_thread_blocked, id=9336, stack(0x000000d9ade00000,0x000000d9adf00000)]
  0x0000028b78b74bd0 JavaThread "Monitor Deflation Thread" daemon [_thread_blocked, id=2780, stack(0x000000d9adf00000,0x000000d9ae000000)]
=>0x0000028b78b79680 JavaThread "C2 CompilerThread0" daemon [_thread_in_native, id=6872, stack(0x000000d9ae000000,0x000000d9ae100000)]
  0x0000028b78b85070 JavaThread "C1 CompilerThread0" daemon [_thread_blocked, id=18884, stack(0x000000d9ae100000,0x000000d9ae200000)]
  0x0000028b78b8e150 JavaThread "Sweeper thread" daemon [_thread_blocked, id=2068, stack(0x000000d9ae200000,0x000000d9ae300000)]
  0x0000028b7d0cc300 JavaThread "Common-Cleaner" daemon [_thread_blocked, id=9208, stack(0x000000d9ae300000,0x000000d9ae400000)]
  0x0000028b7d1616b0 JavaThread "Notification Thread" daemon [_thread_blocked, id=23748, stack(0x000000d9ae400000,0x000000d9ae500000)]
  0x0000028b7d2f9450 JavaThread "Java2D Disposer" daemon [_thread_blocked, id=17192, stack(0x000000d9ae600000,0x000000d9ae700000)]
  0x0000028b7d2f9930 JavaThread "AWT-Shutdown" [_thread_blocked, id=3240, stack(0x000000d9ae700000,0x000000d9ae800000)]
  0x0000028b7d2fa160 JavaThread "AWT-Windows" daemon [_thread_in_native, id=17220, stack(0x000000d9ae800000,0x000000d9ae900000)]
  0x0000028b7d957a70 JavaThread "AWT-EventQueue-0" [_thread_in_native, id=24332, stack(0x000000d9af300000,0x000000d9af400000)]
  0x0000028b5ab2d430 JavaThread "DestroyJavaVM" [_thread_blocked, id=26012, stack(0x000000d9ad300000,0x000000d9ad400000)]
  0x0000028b7d15f380 JavaThread "D3D Screen Updater" daemon [_thread_blocked, id=15316, stack(0x000000d9af400000,0x000000d9af500000)]
  0x0000028b7db75180 JavaThread "C2 CompilerThread1" daemon [_thread_in_native, id=26152, stack(0x000000d9af500000,0x000000d9af600000)]

Other Threads:
  0x0000028b78b58320 VMThread "VM Thread" [stack: 0x000000d9ad900000,0x000000d9ada00000] [id=28532]
  0x0000028b5ab9cbc0 WatcherThread [stack: 0x000000d9ae500000,0x000000d9ae600000] [id=17664]
  0x0000028b5ab86110 GCTaskThread "GC Thread#0" [stack: 0x000000d9ad400000,0x000000d9ad500000] [id=16776]
  0x0000028b5ab95be0 ConcurrentGCThread "G1 Main Marker" [stack: 0x000000d9ad500000,0x000000d9ad600000] [id=22932]
  0x0000028b5ab96d90 ConcurrentGCThread "G1 Conc#0" [stack: 0x000000d9ad600000,0x000000d9ad700000] [id=10708]
  0x0000028b5abfd1e0 ConcurrentGCThread "G1 Refine#0" [stack: 0x000000d9ad700000,0x000000d9ad800000] [id=17692]
  0x0000028b5abfdc10 ConcurrentGCThread "G1 Service" [stack: 0x000000d9ad800000,0x000000d9ad900000] [id=7576]

Threads with active compile tasks:
C2 CompilerThread0     1095  990   !   4       sun.font.TrueTypeFont::getTableBuffer (215 bytes)
C2 CompilerThread1     1095  993   !   4       sun.nio.cs.UnicodeDecoder::decodeLoop (304 bytes)

VM state: not at safepoint (normal execution)

VM Mutex/Monitor currently owned by a thread: None

Heap address: 0x000000008a400000, size: 1884 MB, Compressed Oops mode: 32-bit

CDS archive(s) mapped at: [0x0000028b00000000-0x0000028b00bd0000-0x0000028b00bd0000), size 12386304, SharedBaseAddress: 0x0000028b00000000, ArchiveRelocationMode: 1.
Compressed class space mapped at: 0x0000028b01000000-0x0000028b41000000, reserved size: 1073741824
Narrow klass base: 0x0000028b00000000, Narrow klass shift: 0, Narrow klass range: 0x100000000

GC Precious Log:
 CPUs: 12 total, 12 available
 Memory: 7528M
 Large Page Support: Disabled
 NUMA Support: Disabled
 Compressed Oops: Enabled (32-bit)
 Heap Region Size: 1M
 Heap Min Capacity: 8M
 Heap Initial Capacity: 118M
 Heap Max Capacity: 1884M
 Pre-touch: Disabled
 Parallel Workers: 10
 Concurrent Workers: 3
 Concurrent Refinement Workers: 10
 Periodic GC: Disabled

Heap:
 garbage-first heap   total 120832K, used 17408K [0x000000008a400000, 0x0000000100000000)
  region size 1024K, 15 young (15360K), 0 survivors (0K)
 Metaspace       used 6671K, committed 6848K, reserved 1114112K
  class space    used 727K, committed 832K, reserved 1048576K

Heap Regions: E=young(eden), S=young(survivor), O=old, HS=humongous(starts), HC=humongous(continues), CS=collection set, F=free, OA=open archive, CA=closed archive, TAMS=top-at-mark-start (previous, next)
|   0|0x000000008a400000, 0x000000008a500000, 0x000000008a500000|100%|HS|  |TAMS 0x000000008a400000, 0x000000008a400000| Complete 
|   1|0x000000008a500000, 0x000000008a600000, 0x000000008a600000|100%|HC|  |TAMS 0x000000008a500000, 0x000000008a500000| Complete 
|   2|0x000000008a600000, 0x000000008a700000, 0x000000008a700000|100%|HC|  |TAMS 0x000000008a600000, 0x000000008a600000| Complete 
|   3|0x000000008a700000, 0x000000008a800000, 0x000000008a800000|100%|HC|  |TAMS 0x000000008a700000, 0x000000008a700000| Complete 
|   4|0x000000008a800000, 0x000000008a800000, 0x000000008a900000|  0%| F|  |TAMS 0x000000008a800000, 0x000000008a800000| Untracked 
|   5|0x000000008a900000, 0x000000008a900000, 0x000000008aa00000|  0%| F|  |TAMS 0x000000008a900000, 0x000000008a900000| Untracked 
|   6|0x000000008aa00000, 0x000000008aa00000, 0x000000008ab00000|  0%| F|  |TAMS 0x000000008aa00000, 0x000000008aa00000| Untracked 
|   7|0x000000008ab00000, 0x000000008ab00000, 0x000000008ac00000|  0%| F|  |TAMS 0x000000008ab00000, 0x000000008ab00000| Untracked 
|   8|0x000000008ac00000, 0x000000008ac00000, 0x000000008ad00000|  0%| F|  |TAMS 0x000000008ac00000, 0x000000008ac00000| Untracked 
|   9|0x000000008ad00000, 0x000000008ad00000, 0x000000008ae00000|  0%| F|  |TAMS 0x000000008ad00000, 0x000000008ad00000| Untracked 
|  10|0x000000008ae00000, 0x000000008ae00000, 0x000000008af00000|  0%| F|  |TAMS 0x000000008ae00000, 0x000000008ae00000| Untracked 
|  11|0x000000008af00000, 0x000000008af00000, 0x000000008b000000|  0%| F|  |TAMS 0x000000008af00000, 0x000000008af00000| Untracked 
|  12|0x000000008b000000, 0x000000008b000000, 0x000000008b100000|  0%| F|  |TAMS 0x000000008b000000, 0x000000008b000000| Untracked 
|  13|0x000000008b100000, 0x000000008b100000, 0x000000008b200000|  0%| F|  |TAMS 0x000000008b100000, 0x000000008b100000| Untracked 
|  14|0x000000008b200000, 0x000000008b200000, 0x000000008b300000|  0%| F|  |TAMS 0x000000008b200000, 0x000000008b200000| Untracked 
|  15|0x000000008b300000, 0x000000008b300000, 0x000000008b400000|  0%| F|  |TAMS 0x000000008b300000, 0x000000008b300000| Untracked 
|  16|0x000000008b400000, 0x000000008b400000, 0x000000008b500000|  0%| F|  |TAMS 0x000000008b400000, 0x000000008b400000| Untracked 
|  17|0x000000008b500000, 0x000000008b500000, 0x000000008b600000|  0%| F|  |TAMS 0x000000008b500000, 0x000000008b500000| Untracked 
|  18|0x000000008b600000, 0x000000008b600000, 0x000000008b700000|  0%| F|  |TAMS 0x000000008b600000, 0x000000008b600000| Untracked 
|  19|0x000000008b700000, 0x000000008b700000, 0x000000008b800000|  0%| F|  |TAMS 0x000000008b700000, 0x000000008b700000| Untracked 
|  20|0x000000008b800000, 0x000000008b800000, 0x000000008b900000|  0%| F|  |TAMS 0x000000008b800000, 0x000000008b800000| Untracked 
|  21|0x000000008b900000, 0x000000008b900000, 0x000000008ba00000|  0%| F|  |TAMS 0x000000008b900000, 0x000000008b900000| Untracked 
|  22|0x000000008ba00000, 0x000000008ba00000, 0x000000008bb00000|  0%| F|  |TAMS 0x000000008ba00000, 0x000000008ba00000| Untracked 
|  23|0x000000008bb00000, 0x000000008bb00000, 0x000000008bc00000|  0%| F|  |TAMS 0x000000008bb00000, 0x000000008bb00000| Untracked 
|  24|0x000000008bc00000, 0x000000008bc00000, 0x000000008bd00000|  0%| F|  |TAMS 0x000000008bc00000, 0x000000008bc00000| Untracked 
|  25|0x000000008bd00000, 0x000000008bd00000, 0x000000008be00000|  0%| F|  |TAMS 0x000000008bd00000, 0x000000008bd00000| Untracked 
|  26|0x000000008be00000, 0x000000008be00000, 0x000000008bf00000|  0%| F|  |TAMS 0x000000008be00000, 0x000000008be00000| Untracked 
|  27|0x000000008bf00000, 0x000000008bf00000, 0x000000008c000000|  0%| F|  |TAMS 0x000000008bf00000, 0x000000008bf00000| Untracked 
|  28|0x000000008c000000, 0x000000008c000000, 0x000000008c100000|  0%| F|  |TAMS 0x000000008c000000, 0x000000008c000000| Untracked 
|  29|0x000000008c100000, 0x000000008c100000, 0x000000008c200000|  0%| F|  |TAMS 0x000000008c100000, 0x000000008c100000| Untracked 
|  30|0x000000008c200000, 0x000000008c200000, 0x000000008c300000|  0%| F|  |TAMS 0x000000008c200000, 0x000000008c200000| Untracked 
|  31|0x000000008c300000, 0x000000008c300000, 0x000000008c400000|  0%| F|  |TAMS 0x000000008c300000, 0x000000008c300000| Untracked 
|  32|0x000000008c400000, 0x000000008c400000, 0x000000008c500000|  0%| F|  |TAMS 0x000000008c400000, 0x000000008c400000| Untracked 
|  33|0x000000008c500000, 0x000000008c500000, 0x000000008c600000|  0%| F|  |TAMS 0x000000008c500000, 0x000000008c500000| Untracked 
|  34|0x000000008c600000, 0x000000008c600000, 0x000000008c700000|  0%| F|  |TAMS 0x000000008c600000, 0x000000008c600000| Untracked 
|  35|0x000000008c700000, 0x000000008c700000, 0x000000008c800000|  0%| F|  |TAMS 0x000000008c700000, 0x000000008c700000| Untracked 
|  36|0x000000008c800000, 0x000000008c800000, 0x000000008c900000|  0%| F|  |TAMS 0x000000008c800000, 0x000000008c800000| Untracked 
|  37|0x000000008c900000, 0x000000008c900000, 0x000000008ca00000|  0%| F|  |TAMS 0x000000008c900000, 0x000000008c900000| Untracked 
|  38|0x000000008ca00000, 0x000000008ca00000, 0x000000008cb00000|  0%| F|  |TAMS 0x000000008ca00000, 0x000000008ca00000| Untracked 
|  39|0x000000008cb00000, 0x000000008cb00000, 0x000000008cc00000|  0%| F|  |TAMS 0x000000008cb00000, 0x000000008cb00000| Untracked 
|  40|0x000000008cc00000, 0x000000008cc00000, 0x000000008cd00000|  0%| F|  |TAMS 0x000000008cc00000, 0x000000008cc00000| Untracked 
|  41|0x000000008cd00000, 0x000000008cd00000, 0x000000008ce00000|  0%| F|  |TAMS 0x000000008cd00000, 0x000000008cd00000| Untracked 
|  42|0x000000008ce00000, 0x000000008ce00000, 0x000000008cf00000|  0%| F|  |TAMS 0x000000008ce00000, 0x000000008ce00000| Untracked 
|  43|0x000000008cf00000, 0x000000008cf00000, 0x000000008d000000|  0%| F|  |TAMS 0x000000008cf00000, 0x000000008cf00000| Untracked 
|  44|0x000000008d000000, 0x000000008d000000, 0x000000008d100000|  0%| F|  |TAMS 0x000000008d000000, 0x000000008d000000| Untracked 
|  45|0x000000008d100000, 0x000000008d100000, 0x000000008d200000|  0%| F|  |TAMS 0x000000008d100000, 0x000000008d100000| Untracked 
|  46|0x000000008d200000, 0x000000008d200000, 0x000000008d300000|  0%| F|  |TAMS 0x000000008d200000, 0x000000008d200000| Untracked 
|  47|0x000000008d300000, 0x000000008d300000, 0x000000008d400000|  0%| F|  |TAMS 0x000000008d300000, 0x000000008d300000| Untracked 
|  48|0x000000008d400000, 0x000000008d400000, 0x000000008d500000|  0%| F|  |TAMS 0x000000008d400000, 0x000000008d400000| Untracked 
|  49|0x000000008d500000, 0x000000008d500000, 0x000000008d600000|  0%| F|  |TAMS 0x000000008d500000, 0x000000008d500000| Untracked 
|  50|0x000000008d600000, 0x000000008d600000, 0x000000008d700000|  0%| F|  |TAMS 0x000000008d600000, 0x000000008d600000| Untracked 
|  51|0x000000008d700000, 0x000000008d700000, 0x000000008d800000|  0%| F|  |TAMS 0x000000008d700000, 0x000000008d700000| Untracked 
|  52|0x000000008d800000, 0x000000008d800000, 0x000000008d900000|  0%| F|  |TAMS 0x000000008d800000, 0x000000008d800000| Untracked 
|  53|0x000000008d900000, 0x000000008d900000, 0x000000008da00000|  0%| F|  |TAMS 0x000000008d900000, 0x000000008d900000| Untracked 
|  54|0x000000008da00000, 0x000000008da00000, 0x000000008db00000|  0%| F|  |TAMS 0x000000008da00000, 0x000000008da00000| Untracked 
|  55|0x000000008db00000, 0x000000008db00000, 0x000000008dc00000|  0%| F|  |TAMS 0x000000008db00000, 0x000000008db00000| Untracked 
|  56|0x000000008dc00000, 0x000000008dc00000, 0x000000008dd00000|  0%| F|  |TAMS 0x000000008dc00000, 0x000000008dc00000| Untracked 
|  57|0x000000008dd00000, 0x000000008dd00000, 0x000000008de00000|  0%| F|  |TAMS 0x000000008dd00000, 0x000000008dd00000| Untracked 
|  58|0x000000008de00000, 0x000000008de00000, 0x000000008df00000|  0%| F|  |TAMS 0x000000008de00000, 0x000000008de00000| Untracked 
|  59|0x000000008df00000, 0x000000008df00000, 0x000000008e000000|  0%| F|  |TAMS 0x000000008df00000, 0x000000008df00000| Untracked 
|  60|0x000000008e000000, 0x000000008e000000, 0x000000008e100000|  0%| F|  |TAMS 0x000000008e000000, 0x000000008e000000| Untracked 
|  61|0x000000008e100000, 0x000000008e100000, 0x000000008e200000|  0%| F|  |TAMS 0x000000008e100000, 0x000000008e100000| Untracked 
|  62|0x000000008e200000, 0x000000008e200000, 0x000000008e300000|  0%| F|  |TAMS 0x000000008e200000, 0x000000008e200000| Untracked 
|  63|0x000000008e300000, 0x000000008e300000, 0x000000008e400000|  0%| F|  |TAMS 0x000000008e300000, 0x000000008e300000| Untracked 
|  64|0x000000008e400000, 0x000000008e400000, 0x000000008e500000|  0%| F|  |TAMS 0x000000008e400000, 0x000000008e400000| Untracked 
|  65|0x000000008e500000, 0x000000008e500000, 0x000000008e600000|  0%| F|  |TAMS 0x000000008e500000, 0x000000008e500000| Untracked 
|  66|0x000000008e600000, 0x000000008e600000, 0x000000008e700000|  0%| F|  |TAMS 0x000000008e600000, 0x000000008e600000| Untracked 
|  67|0x000000008e700000, 0x000000008e700000, 0x000000008e800000|  0%| F|  |TAMS 0x000000008e700000, 0x000000008e700000| Untracked 
|  68|0x000000008e800000, 0x000000008e800000, 0x000000008e900000|  0%| F|  |TAMS 0x000000008e800000, 0x000000008e800000| Untracked 
|  69|0x000000008e900000, 0x000000008e900000, 0x000000008ea00000|  0%| F|  |TAMS 0x000000008e900000, 0x000000008e900000| Untracked 
|  70|0x000000008ea00000, 0x000000008ea00000, 0x000000008eb00000|  0%| F|  |TAMS 0x000000008ea00000, 0x000000008ea00000| Untracked 
|  71|0x000000008eb00000, 0x000000008eb00000, 0x000000008ec00000|  0%| F|  |TAMS 0x000000008eb00000, 0x000000008eb00000| Untracked 
|  72|0x000000008ec00000, 0x000000008ec00000, 0x000000008ed00000|  0%| F|  |TAMS 0x000000008ec00000, 0x000000008ec00000| Untracked 
|  73|0x000000008ed00000, 0x000000008ed00000, 0x000000008ee00000|  0%| F|  |TAMS 0x000000008ed00000, 0x000000008ed00000| Untracked 
|  74|0x000000008ee00000, 0x000000008ee00000, 0x000000008ef00000|  0%| F|  |TAMS 0x000000008ee00000, 0x000000008ee00000| Untracked 
|  75|0x000000008ef00000, 0x000000008ef00000, 0x000000008f000000|  0%| F|  |TAMS 0x000000008ef00000, 0x000000008ef00000| Untracked 
|  76|0x000000008f000000, 0x000000008f000000, 0x000000008f100000|  0%| F|  |TAMS 0x000000008f000000, 0x000000008f000000| Untracked 
|  77|0x000000008f100000, 0x000000008f100000, 0x000000008f200000|  0%| F|  |TAMS 0x000000008f100000, 0x000000008f100000| Untracked 
|  78|0x000000008f200000, 0x000000008f200000, 0x000000008f300000|  0%| F|  |TAMS 0x000000008f200000, 0x000000008f200000| Untracked 
|  79|0x000000008f300000, 0x000000008f300000, 0x000000008f400000|  0%| F|  |TAMS 0x000000008f300000, 0x000000008f300000| Untracked 
|  80|0x000000008f400000, 0x000000008f400000, 0x000000008f500000|  0%| F|  |TAMS 0x000000008f400000, 0x000000008f400000| Untracked 
|  81|0x000000008f500000, 0x000000008f500000, 0x000000008f600000|  0%| F|  |TAMS 0x000000008f500000, 0x000000008f500000| Untracked 
|  82|0x000000008f600000, 0x000000008f600000, 0x000000008f700000|  0%| F|  |TAMS 0x000000008f600000, 0x000000008f600000| Untracked 
|  83|0x000000008f700000, 0x000000008f700000, 0x000000008f800000|  0%| F|  |TAMS 0x000000008f700000, 0x000000008f700000| Untracked 
|  84|0x000000008f800000, 0x000000008f800000, 0x000000008f900000|  0%| F|  |TAMS 0x000000008f800000, 0x000000008f800000| Untracked 
|  85|0x000000008f900000, 0x000000008f900000, 0x000000008fa00000|  0%| F|  |TAMS 0x000000008f900000, 0x000000008f900000| Untracked 
|  86|0x000000008fa00000, 0x000000008fa00000, 0x000000008fb00000|  0%| F|  |TAMS 0x000000008fa00000, 0x000000008fa00000| Untracked 
|  87|0x000000008fb00000, 0x000000008fb00000, 0x000000008fc00000|  0%| F|  |TAMS 0x000000008fb00000, 0x000000008fb00000| Untracked 
|  88|0x000000008fc00000, 0x000000008fc00000, 0x000000008fd00000|  0%| F|  |TAMS 0x000000008fc00000, 0x000000008fc00000| Untracked 
|  89|0x000000008fd00000, 0x000000008fd00000, 0x000000008fe00000|  0%| F|  |TAMS 0x000000008fd00000, 0x000000008fd00000| Untracked 
|  90|0x000000008fe00000, 0x000000008fe00000, 0x000000008ff00000|  0%| F|  |TAMS 0x000000008fe00000, 0x000000008fe00000| Untracked 
|  91|0x000000008ff00000, 0x000000008ff00000, 0x0000000090000000|  0%| F|  |TAMS 0x000000008ff00000, 0x000000008ff00000| Untracked 
|  92|0x0000000090000000, 0x0000000090000000, 0x0000000090100000|  0%| F|  |TAMS 0x0000000090000000, 0x0000000090000000| Untracked 
|  93|0x0000000090100000, 0x0000000090100000, 0x0000000090200000|  0%| F|  |TAMS 0x0000000090100000, 0x0000000090100000| Untracked 
|  94|0x0000000090200000, 0x0000000090200000, 0x0000000090300000|  0%| F|  |TAMS 0x0000000090200000, 0x0000000090200000| Untracked 
|  95|0x0000000090300000, 0x0000000090300000, 0x0000000090400000|  0%| F|  |TAMS 0x0000000090300000, 0x0000000090300000| Untracked 
|  96|0x0000000090400000, 0x0000000090400000, 0x0000000090500000|  0%| F|  |TAMS 0x0000000090400000, 0x0000000090400000| Untracked 
|  97|0x0000000090500000, 0x0000000090500000, 0x0000000090600000|  0%| F|  |TAMS 0x0000000090500000, 0x0000000090500000| Untracked 
|  98|0x0000000090600000, 0x0000000090600000, 0x0000000090700000|  0%| F|  |TAMS 0x0000000090600000, 0x0000000090600000| Untracked 
|  99|0x0000000090700000, 0x0000000090700000, 0x0000000090800000|  0%| F|  |TAMS 0x0000000090700000, 0x0000000090700000| Untracked 
| 100|0x0000000090800000, 0x0000000090800000, 0x0000000090900000|  0%| F|  |TAMS 0x0000000090800000, 0x0000000090800000| Untracked 
| 101|0x0000000090900000, 0x0000000090900000, 0x0000000090a00000|  0%| F|  |TAMS 0x0000000090900000, 0x0000000090900000| Untracked 
| 102|0x0000000090a00000, 0x0000000090a00000, 0x0000000090b00000|  0%| F|  |TAMS 0x0000000090a00000, 0x0000000090a00000| Untracked 
| 103|0x0000000090b00000, 0x0000000090bee4d0, 0x0000000090c00000| 93%| E|  |TAMS 0x0000000090b00000, 0x0000000090b00000| Complete 
| 104|0x0000000090c00000, 0x0000000090d00000, 0x0000000090d00000|100%| E|CS|TAMS 0x0000000090c00000, 0x0000000090c00000| Complete 
| 105|0x0000000090d00000, 0x0000000090e00000, 0x0000000090e00000|100%| E|CS|TAMS 0x0000000090d00000, 0x0000000090d00000| Complete 
| 106|0x0000000090e00000, 0x0000000090f00000, 0x0000000090f00000|100%| E|CS|TAMS 0x0000000090e00000, 0x0000000090e00000| Complete 
| 107|0x0000000090f00000, 0x0000000091000000, 0x0000000091000000|100%| E|CS|TAMS 0x0000000090f00000, 0x0000000090f00000| Complete 
| 108|0x0000000091000000, 0x0000000091100000, 0x0000000091100000|100%| E|CS|TAMS 0x0000000091000000, 0x0000000091000000| Complete 
| 109|0x0000000091100000, 0x0000000091200000, 0x0000000091200000|100%| E|CS|TAMS 0x0000000091100000, 0x0000000091100000| Complete 
| 110|0x0000000091200000, 0x0000000091300000, 0x0000000091300000|100%| E|CS|TAMS 0x0000000091200000, 0x0000000091200000| Complete 
| 111|0x0000000091300000, 0x0000000091400000, 0x0000000091400000|100%| E|CS|TAMS 0x0000000091300000, 0x0000000091300000| Complete 
| 112|0x0000000091400000, 0x0000000091500000, 0x0000000091500000|100%| E|CS|TAMS 0x0000000091400000, 0x0000000091400000| Complete 
| 113|0x0000000091500000, 0x0000000091600000, 0x0000000091600000|100%| E|CS|TAMS 0x0000000091500000, 0x0000000091500000| Complete 
| 114|0x0000000091600000, 0x0000000091700000, 0x0000000091700000|100%| E|CS|TAMS 0x0000000091600000, 0x0000000091600000| Complete 
| 115|0x0000000091700000, 0x0000000091800000, 0x0000000091800000|100%| E|CS|TAMS 0x0000000091700000, 0x0000000091700000| Complete 
| 116|0x0000000091800000, 0x0000000091900000, 0x0000000091900000|100%| E|  |TAMS 0x0000000091800000, 0x0000000091800000| Complete 
| 117|0x0000000091900000, 0x0000000091a00000, 0x0000000091a00000|100%| E|CS|TAMS 0x0000000091900000, 0x0000000091900000| Complete 

Card table byte_map: [0x0000028b71cf0000,0x0000028b720a0000] _byte_map_base: 0x0000028b7189e000

Marking Bits (Prev, Next): (CMBitMap*) 0x0000028b5ab86730, (CMBitMap*) 0x0000028b5ab86770
 Prev Bits: [0x0000028b72450000, 0x0000028b741c0000)
 Next Bits: [0x0000028b741c0000, 0x0000028b75f30000)

Polling page: 0x0000028b5a300000

Metaspace:

Usage:
  Non-class:      5.80 MB used.
      Class:    727.66 KB used.
       Both:      6.51 MB used.

Virtual space:
  Non-class space:       64.00 MB reserved,       5.88 MB (  9%) committed,  1 nodes.
      Class space:        1.00 GB reserved,     832.00 KB ( <1%) committed,  1 nodes.
             Both:        1.06 GB reserved,       6.69 MB ( <1%) committed. 

Chunk freelists:
   Non-Class:  10.14 MB
       Class:  15.24 MB
        Both:  25.38 MB

MaxMetaspaceSize: unlimited
CompressedClassSpaceSize: 1.00 GB
Initial GC threshold: 21.00 MB
Current GC threshold: 21.00 MB
CDS: on
MetaspaceReclaimPolicy: balanced
 - commit_granule_bytes: 65536.
 - commit_granule_words: 8192.
 - virtual_space_node_default_size: 8388608.
 - enlarge_chunks_in_place: 1.
 - new_chunks_are_fully_committed: 0.
 - uncommit_free_chunks: 1.
 - use_allocation_guard: 0.
 - handle_deallocations: 1.


Internal statistics:

num_allocs_failed_limit: 0.
num_arena_births: 106.
num_arena_deaths: 0.
num_vsnodes_births: 2.
num_vsnodes_deaths: 0.
num_space_committed: 107.
num_space_uncommitted: 0.
num_chunks_returned_to_freelist: 0.
num_chunks_taken_from_freelist: 149.
num_chunk_merges: 0.
num_chunk_splits: 81.
num_chunks_enlarged: 21.
num_inconsistent_stats: 0.

CodeHeap 'non-profiled nmethods': size=120000Kb used=262Kb max_used=262Kb free=119737Kb
 bounds [0x0000028b69eb0000, 0x0000028b6a120000, 0x0000028b713e0000]
CodeHeap 'profiled nmethods': size=120000Kb used=1617Kb max_used=1617Kb free=118382Kb
 bounds [0x0000028b623e0000, 0x0000028b62650000, 0x0000028b69910000]
CodeHeap 'non-nmethods': size=5760Kb used=1254Kb max_used=1266Kb free=4505Kb
 bounds [0x0000028b69910000, 0x0000028b69b80000, 0x0000028b69eb0000]
 total_blobs=1570 nmethods=995 adapters=488
 compilation: enabled
              stopped_count=0, restarted_count=0
 full_count=0

Compilation events (20 events):
Event: 1.018 Thread 0x0000028b78b79680  982       4       java.nio.Buffer::remaining (20 bytes)
Event: 1.019 Thread 0x0000028b78b79680 nmethod 982 0x0000028b69ef0990 code [0x0000028b69ef0b00, 0x0000028b69ef0b98]
Event: 1.019 Thread 0x0000028b78b79680  983       4       java.nio.Buffer::hasRemaining (17 bytes)
Event: 1.019 Thread 0x0000028b78b79680 nmethod 983 0x0000028b69ef0c90 code [0x0000028b69ef0e00, 0x0000028b69ef0e98]
Event: 1.019 Thread 0x0000028b78b79680  985       4       java.nio.HeapCharBuffer::put (16 bytes)
Event: 1.020 Thread 0x0000028b78b85070 nmethod 981 0x0000028b6256b690 code [0x0000028b6256ba80, 0x0000028b6256da38]
Event: 1.020 Thread 0x0000028b78b85070  987       3       java.util.HashSet::toArray (16 bytes)
Event: 1.020 Thread 0x0000028b78b85070 nmethod 987 0x0000028b6256e710 code [0x0000028b6256e8c0, 0x0000028b6256ead8]
Event: 1.020 Thread 0x0000028b78b85070  988       3       java.util.HashMap::prepareArray (38 bytes)
Event: 1.020 Thread 0x0000028b78b79680 nmethod 985 0x0000028b69ef0f90 code [0x0000028b69ef1100, 0x0000028b69ef11f8]
Event: 1.020 Thread 0x0000028b78b79680  984       4       sun.nio.cs.UnicodeDecoder::decode (24 bytes)
Event: 1.020 Thread 0x0000028b78b85070 nmethod 988 0x0000028b6256eb90 code [0x0000028b6256ed80, 0x0000028b6256f398]
Event: 1.021 Thread 0x0000028b78b79680 nmethod 984 0x0000028b69ef1310 code [0x0000028b69ef1480, 0x0000028b69ef1538]
Event: 1.021 Thread 0x0000028b78b79680  986       4       java.nio.ByteBuffer::limit (8 bytes)
Event: 1.021 Thread 0x0000028b78b85070  989       3       java.lang.StringUTF16::newBytesFor (61 bytes)
Event: 1.021 Thread 0x0000028b78b79680 nmethod 986 0x0000028b69ef1610 code [0x0000028b69ef1780, 0x0000028b69ef1878]
Event: 1.022 Thread 0x0000028b78b79680  990   !   4       sun.font.TrueTypeFont::getTableBuffer (215 bytes)
Event: 1.022 Thread 0x0000028b78b85070 nmethod 989 0x0000028b6256f590 code [0x0000028b6256f800, 0x0000028b625700e8]
Event: 1.026 Thread 0x0000028b78b85070  992       3       sun.nio.ch.FileChannelImpl::open (16 bytes)
Event: 1.027 Thread 0x0000028b78b85070 nmethod 992 0x0000028b62570410 code [0x0000028b625705c0, 0x0000028b62570788]

GC Heap History (0 events):
No events

Deoptimization events (20 events):
Event: 0.230 Thread 0x0000028b5ab2d430 Uncommon trap: trap_request=0xffffff45 fr.pc=0x0000028b69ebe030 relative=0x00000000000007d0
Event: 0.230 Thread 0x0000028b5ab2d430 Uncommon trap: reason=unstable_if action=reinterpret pc=0x0000028b69ebe030 method=java.util.HashMap.putVal(ILjava/lang/Object;Ljava/lang/Object;ZZ)Ljava/lang/Object; @ 81 c2
Event: 0.230 Thread 0x0000028b5ab2d430 DEOPT PACKING pc=0x0000028b69ebe030 sp=0x000000d9ad3fe280
Event: 0.230 Thread 0x0000028b5ab2d430 DEOPT UNPACKING pc=0x0000028b699623a3 sp=0x000000d9ad3fe220 mode 2
Event: 0.782 Thread 0x0000028b7d957a70 Uncommon trap: trap_request=0xffffff45 fr.pc=0x0000028b69ee0140 relative=0x0000000000000480
Event: 0.782 Thread 0x0000028b7d957a70 Uncommon trap: reason=unstable_if action=reinterpret pc=0x0000028b69ee0140 method=java.lang.StringLatin1.toLowerCase(Ljava/lang/String;[BLjava/util/Locale;)Ljava/lang/String; @ 43 c2
Event: 0.782 Thread 0x0000028b7d957a70 DEOPT PACKING pc=0x0000028b69ee0140 sp=0x000000d9af3fd4d0
Event: 0.782 Thread 0x0000028b7d957a70 DEOPT UNPACKING pc=0x0000028b699623a3 sp=0x000000d9af3fd440 mode 2
Event: 0.899 Thread 0x0000028b7d957a70 DEOPT PACKING pc=0x0000028b6240c2e7 sp=0x000000d9af3fcb00
Event: 0.899 Thread 0x0000028b7d957a70 DEOPT UNPACKING pc=0x0000028b69962b43 sp=0x000000d9af3fbf20 mode 0
Event: 0.972 Thread 0x0000028b7d957a70 DEOPT PACKING pc=0x0000028b623f2a51 sp=0x000000d9af3fca90
Event: 0.972 Thread 0x0000028b7d957a70 DEOPT UNPACKING pc=0x0000028b69962b43 sp=0x000000d9af3fbf08 mode 0
Event: 0.982 Thread 0x0000028b7d957a70 Uncommon trap: trap_request=0xffffff45 fr.pc=0x0000028b69eba8b0 relative=0x00000000000001b0
Event: 0.982 Thread 0x0000028b7d957a70 Uncommon trap: reason=unstable_if action=reinterpret pc=0x0000028b69eba8b0 method=java.lang.String.isLatin1()Z @ 10 c2
Event: 0.982 Thread 0x0000028b7d957a70 DEOPT PACKING pc=0x0000028b69eba8b0 sp=0x000000d9af3fd2e0
Event: 0.982 Thread 0x0000028b7d957a70 DEOPT UNPACKING pc=0x0000028b699623a3 sp=0x000000d9af3fd210 mode 2
Event: 1.018 Thread 0x0000028b7d957a70 Uncommon trap: trap_request=0xffffff45 fr.pc=0x0000028b69eeeb34 relative=0x0000000000000374
Event: 1.018 Thread 0x0000028b7d957a70 Uncommon trap: reason=unstable_if action=reinterpret pc=0x0000028b69eeeb34 method=java.lang.Character.isSurrogate(C)Z @ 3 c2
Event: 1.018 Thread 0x0000028b7d957a70 DEOPT PACKING pc=0x0000028b69eeeb34 sp=0x000000d9af3fcfe0
Event: 1.018 Thread 0x0000028b7d957a70 DEOPT UNPACKING pc=0x0000028b699623a3 sp=0x000000d9af3fcef8 mode 2

Classes unloaded (0 events):
No events

Classes redefined (0 events):
No events

Internal exceptions (16 events):
Event: 0.200 Thread 0x0000028b5ab2d430 Exception <a 'sun/nio/fs/WindowsException'{0x000000009183fc88}> (0x000000009183fc88) 
thrown [s\open\src\hotspot\share\prims\jni.cpp, line 516]
Event: 0.200 Thread 0x0000028b5ab2d430 Exception <a 'sun/nio/fs/WindowsException'{0x0000000091840138}> (0x0000000091840138) 
thrown [s\open\src\hotspot\share\prims\jni.cpp, line 516]
Event: 0.201 Thread 0x0000028b5ab2d430 Exception <a 'sun/nio/fs/WindowsException'{0x00000000918420f0}> (0x00000000918420f0) 
thrown [s\open\src\hotspot\share\prims\jni.cpp, line 516]
Event: 0.201 Thread 0x0000028b5ab2d430 Exception <a 'sun/nio/fs/WindowsException'{0x0000000091842a68}> (0x0000000091842a68) 
thrown [s\open\src\hotspot\share\prims\jni.cpp, line 516]
Event: 0.250 Thread 0x0000028b5ab2d430 Exception <a 'java/lang/ClassNotFoundException'{0x00000000918f8628}: sun/awt/resources/spi/awtProvider> (0x00000000918f8628) 
thrown [s\open\src\hotspot\share\classfile\systemDictionary.cpp, line 256]
Event: 0.276 Thread 0x0000028b5ab2d430 Exception <a 'java/io/FileNotFoundException'{0x00000000917644f0}> (0x00000000917644f0) 
thrown [s\open\src\hotspot\share\prims\jni.cpp, line 516]
Event: 0.285 Thread 0x0000028b5ab2d430 Exception <a 'java/io/FileNotFoundException'{0x0000000091791648}> (0x0000000091791648) 
thrown [s\open\src\hotspot\share\prims\jni.cpp, line 516]
Event: 0.336 Thread 0x0000028b5ab2d430 Exception <a 'java/lang/NoSuchMethodError'{0x00000000917d58f8}: 'java.lang.Object java.lang.invoke.DirectMethodHandle$Holder.invokeStaticInit(java.lang.Object)'> (0x00000000917d58f8) 
thrown [s\open\src\hotspot\share\interpreter\linkResolver.cpp, line 759]
Event: 0.465 Thread 0x0000028b5ab2d430 Exception <a 'java/lang/NoSuchMethodError'{0x0000000091699748}: 'void java.lang.invoke.DirectMethodHandle$Holder.invokeSpecial(java.lang.Object, java.lang.Object, java.lang.Object)'> (0x0000000091699748) 
thrown [s\open\src\hotspot\share\interpreter\linkResolver.cpp, line 759]
Event: 0.480 Thread 0x0000028b5ab2d430 Exception <a 'java/lang/NoSuchMethodError'{0x00000000916c38a8}: 'java.lang.Object java.lang.invoke.DirectMethodHandle$Holder.newInvokeSpecial(java.lang.Object, java.lang.Object, java.lang.Object, java.lang.Object, java.lang.Object)'> (0x00000000916c38a8) 
thrown [s\open\src\hotspot\share\interpreter\linkResolver.cpp, line 759]
Event: 0.484 Thread 0x0000028b5ab2d430 Exception <a 'java/lang/NoSuchMethodError'{0x00000000916cf270}: 'java.lang.Object java.lang.invoke.DirectMethodHandle$Holder.invokeStatic(java.lang.Object, int, java.lang.Object, java.lang.Object, java.lang.Object, java.lang.Object)'> (0x00000000916cf270) 
thrown [s\open\src\hotspot\share\interpreter\linkResolver.cpp, line 759]
Event: 0.495 Thread 0x0000028b5ab2d430 Exception <a 'java/lang/NoSuchMethodError'{0x00000000916f4d00}: 'java.lang.Object java.lang.invoke.DirectMethodHandle$Holder.invokeStatic(java.lang.Object, int, java.lang.Object)'> (0x00000000916f4d00) 
thrown [s\open\src\hotspot\share\interpreter\linkResolver.cpp, line 759]
Event: 0.532 Thread 0x0000028b5ab2d430 Exception <a 'java/lang/ClassNotFoundException'{0x00000000915ad0e8}: com/sun/swing/internal/plaf/metal/resources/spi/metalProvider> (0x00000000915ad0e8) 
thrown [s\open\src\hotspot\share\classfile\systemDictionary.cpp, line 256]
Event: 0.533 Thread 0x0000028b5ab2d430 Exception <a 'java/lang/ClassNotFoundException'{0x00000000915b0f40}: com/sun/swing/internal/plaf/basic/resources/spi/basicProvider> (0x00000000915b0f40) 
thrown [s\open\src\hotspot\share\classfile\systemDictionary.cpp, line 256]
Event: 0.575 Thread 0x0000028b7d2fa160 Exception <a 'java/lang/NoSuchMethodError'{0x000000009160fb70}: 'void java.lang.invoke.DirectMethodHandle$Holder.invokeVirtual(java.lang.Object, java.lang.Object)'> (0x000000009160fb70) 
thrown [s\open\src\hotspot\share\interpreter\linkResolver.cpp, line 759]
Event: 0.595 Thread 0x0000028b5ab2d430 Exception <a 'java/lang/NoSuchMethodError'{0x000000009141bb48}: 'void java.lang.invoke.DirectMethodHandle$Holder.invokeStaticInit(java.lang.Object)'> (0x000000009141bb48) 
thrown [s\open\src\hotspot\share\interpreter\linkResolver.cpp, line 759]

VM Operations (6 events):
Event: 0.203 Executing VM operation: HandshakeAllThreads
Event: 0.203 Executing VM operation: HandshakeAllThreads done
Event: 0.549 Executing VM operation: HandshakeAllThreads
Event: 0.549 Executing VM operation: HandshakeAllThreads done
Event: 0.626 Executing VM operation: HandshakeAllThreads
Event: 0.626 Executing VM operation: HandshakeAllThreads done

Events (20 events):
Event: 0.779 loading class sun/font/TrueTypeFont$DirectoryEntry
Event: 0.779 loading class sun/font/TrueTypeFont$DirectoryEntry done
Event: 0.779 loading class java/nio/ByteBufferAsShortBufferB
Event: 0.780 loading class java/nio/ShortBuffer
Event: 0.780 loading class java/nio/ShortBuffer done
Event: 0.780 loading class java/nio/ByteBufferAsShortBufferB done
Event: 0.780 loading class sun/nio/cs/UTF_16$Decoder
Event: 0.780 loading class sun/nio/cs/UnicodeDecoder
Event: 0.780 loading class sun/nio/cs/UnicodeDecoder done
Event: 0.780 loading class sun/nio/cs/UTF_16$Decoder done
Event: 0.783 loading class sun/font/SunFontManager$4
Event: 0.783 loading class sun/font/SunFontManager$4 done
Event: 0.800 loading class jdk/internal/misc/ScopedMemoryAccess$Scope
Event: 0.800 loading class jdk/internal/misc/ScopedMemoryAccess$Scope done
Event: 0.808 loading class sun/font/SunFontManager$9
Event: 0.808 loading class sun/font/SunFontManager$9 done
Event: 0.809 loading class sun/font/SunFontManager$10
Event: 0.809 loading class sun/font/SunFontManager$10 done
Event: 0.988 loading class jdk/internal/access/foreign/MemorySegmentProxy
Event: 0.989 loading class jdk/internal/access/foreign/MemorySegmentProxy done


Dynamic libraries:
0x00007ff6d26d0000 - 0x00007ff6d26e0000 	C:\Program Files\Java\jdk-17\bin\java.exe
0x00007ff8e5150000 - 0x00007ff8e5367000 	C:\WINDOWS\SYSTEM32\ntdll.dll
0x00007ff8e4170000 - 0x00007ff8e4234000 	C:\WINDOWS\System32\KERNEL32.DLL
0x00007ff8e2470000 - 0x00007ff8e2817000 	C:\WINDOWS\System32\KERNELBASE.dll
0x00007ff8e2b30000 - 0x00007ff8e2c41000 	C:\WINDOWS\System32\ucrtbase.dll
0x00007ff8d38e0000 - 0x00007ff8d38fb000 	C:\Program Files\Java\jdk-17\bin\VCRUNTIME140.dll
0x00007ff8ddaa0000 - 0x00007ff8ddab9000 	C:\Program Files\Java\jdk-17\bin\jli.dll
0x00007ff8e3c40000 - 0x00007ff8e3cf2000 	C:\WINDOWS\System32\ADVAPI32.dll
0x00007ff8e40c0000 - 0x00007ff8e4167000 	C:\WINDOWS\System32\msvcrt.dll
0x00007ff8e2e80000 - 0x00007ff8e2f28000 	C:\WINDOWS\System32\sechost.dll
0x00007ff8e2b00000 - 0x00007ff8e2b28000 	C:\WINDOWS\System32\bcrypt.dll
0x00007ff8e4780000 - 0x00007ff8e4895000 	C:\WINDOWS\System32\RPCRT4.dll
0x00007ff8e3830000 - 0x00007ff8e39de000 	C:\WINDOWS\System32\USER32.dll
0x00007ff8e2890000 - 0x00007ff8e28b6000 	C:\WINDOWS\System32\win32u.dll
0x00007ff8d12b0000 - 0x00007ff8d1543000 	C:\WINDOWS\WinSxS\amd64_microsoft.windows.common-controls_6595b64144ccf1df_6.0.22621.3527_none_270e469b73872a76\COMCTL32.dll
0x00007ff8e3d00000 - 0x00007ff8e3d29000 	C:\WINDOWS\System32\GDI32.dll
0x00007ff8e28c0000 - 0x00007ff8e29d9000 	C:\WINDOWS\System32\gdi32full.dll
0x00007ff8e2a60000 - 0x00007ff8e2afa000 	C:\WINDOWS\System32\msvcp_win.dll
0x00007ff8d79c0000 - 0x00007ff8d79ca000 	C:\WINDOWS\SYSTEM32\VERSION.dll
0x00007ff8e2fc0000 - 0x00007ff8e2ff1000 	C:\WINDOWS\System32\IMM32.DLL
0x00007ff8dd7f0000 - 0x00007ff8dd7fc000 	C:\Program Files\Java\jdk-17\bin\vcruntime140_1.dll
0x00007ff8a7070000 - 0x00007ff8a70fe000 	C:\Program Files\Java\jdk-17\bin\msvcp140.dll
0x00007ff899ba0000 - 0x00007ff89a77f000 	C:\Program Files\Java\jdk-17\bin\server\jvm.dll
0x00007ff8e2f30000 - 0x00007ff8e2f38000 	C:\WINDOWS\System32\PSAPI.DLL
0x00007ff8ded50000 - 0x00007ff8ded59000 	C:\WINDOWS\SYSTEM32\WSOCK32.dll
0x00007ff8d9d50000 - 0x00007ff8d9d84000 	C:\WINDOWS\SYSTEM32\WINMM.dll
0x00007ff8e4250000 - 0x00007ff8e42c1000 	C:\WINDOWS\System32\WS2_32.dll
0x00007ff8e1490000 - 0x00007ff8e14a8000 	C:\WINDOWS\SYSTEM32\kernel.appcore.dll
0x00007ff8dbe30000 - 0x00007ff8dbe3a000 	C:\Program Files\Java\jdk-17\bin\jimage.dll
0x00007ff8d8040000 - 0x00007ff8d8272000 	C:\WINDOWS\SYSTEM32\DBGHELP.DLL
0x00007ff8e3d30000 - 0x00007ff8e40b8000 	C:\WINDOWS\System32\combase.dll
0x00007ff8e3000000 - 0x00007ff8e30d7000 	C:\WINDOWS\System32\OLEAUT32.dll
0x00007ff8caf40000 - 0x00007ff8caf72000 	C:\WINDOWS\SYSTEM32\dbgcore.DLL
0x00007ff8e29e0000 - 0x00007ff8e2a59000 	C:\WINDOWS\System32\bcryptPrimitives.dll
0x00007ff8d24e0000 - 0x00007ff8d2505000 	C:\Program Files\Java\jdk-17\bin\java.dll
0x00007ff8d15a0000 - 0x00007ff8d1677000 	C:\Program Files\Java\jdk-17\bin\jsvml.dll
0x00007ff8e48a0000 - 0x00007ff8e50fc000 	C:\WINDOWS\System32\SHELL32.dll
0x00007ff8e03b0000 - 0x00007ff8e0ca6000 	C:\WINDOWS\SYSTEM32\windows.storage.dll
0x00007ff8e0270000 - 0x00007ff8e03ae000 	C:\WINDOWS\SYSTEM32\wintypes.dll
0x00007ff8e3100000 - 0x00007ff8e31f5000 	C:\WINDOWS\System32\SHCORE.dll
0x00007ff8e4330000 - 0x00007ff8e438e000 	C:\WINDOWS\System32\shlwapi.dll
0x00007ff8e23a0000 - 0x00007ff8e23c1000 	C:\WINDOWS\SYSTEM32\profapi.dll
0x00007ff8d3200000 - 0x00007ff8d3219000 	C:\Program Files\Java\jdk-17\bin\net.dll
0x00007ff8dc360000 - 0x00007ff8dc496000 	C:\WINDOWS\SYSTEM32\WINHTTP.dll
0x00007ff8e1900000 - 0x00007ff8e1969000 	C:\WINDOWS\system32\mswsock.dll
0x00007ff8d2f50000 - 0x00007ff8d2f66000 	C:\Program Files\Java\jdk-17\bin\nio.dll
0x00007ff8d24c0000 - 0x00007ff8d24d8000 	C:\Program Files\Java\jdk-17\bin\zip.dll
0x00007ff8a1c20000 - 0x00007ff8a1db1000 	C:\Program Files\Java\jdk-17\bin\awt.dll
0x00007ff8df7e0000 - 0x00007ff8df877000 	C:\WINDOWS\SYSTEM32\apphelp.dll
0x00007ff8dfcf0000 - 0x00007ff8dfd1b000 	C:\WINDOWS\system32\DWMAPI.DLL
0x00007ff8df9b0000 - 0x00007ff8dfa5b000 	C:\WINDOWS\system32\uxtheme.dll
0x00007ff8700b0000 - 0x00007ff8701b0000 	C:\WINDOWS\system32\opengl32.dll
0x00007ff86fc00000 - 0x00007ff86fc2d000 	C:\WINDOWS\SYSTEM32\GLU32.dll
0x00007ff8dfab0000 - 0x00007ff8dfae9000 	C:\WINDOWS\SYSTEM32\dxcore.dll
0x00007ff8e3a30000 - 0x00007ff8e3b83000 	C:\WINDOWS\System32\MSCTF.dll
0x00007ff8e4390000 - 0x00007ff8e4535000 	C:\WINDOWS\System32\ole32.dll
0x00007ff872080000 - 0x00007ff872229000 	C:\WINDOWS\system32\d3d9.dll
0x00007ff8d79d0000 - 0x00007ff8d7b8b000 	C:\WINDOWS\System32\DriverStore\FileRepository\u0395598.inf_amd64_ddc78b0127c2a6a5\B394313\aticfx64.dll
0x00007ff8d4b90000 - 0x00007ff8d4bc4000 	C:\WINDOWS\System32\DriverStore\FileRepository\u0395598.inf_amd64_ddc78b0127c2a6a5\B394313\atiu9p64.dll
0x00007ff878c20000 - 0x00007ff879975000 	C:\WINDOWS\System32\DriverStore\FileRepository\u0395598.inf_amd64_ddc78b0127c2a6a5\B394313\atiumd64.dll
0x0000000076430000 - 0x0000000077342000 	C:\WINDOWS\System32\DriverStore\FileRepository\u0395598.inf_amd64_ddc78b0127c2a6a5\B394313\atiumd6a.dll
0x00007ff8e3390000 - 0x00007ff8e3804000 	C:\WINDOWS\System32\SETUPAPI.dll
0x00007ff8e2180000 - 0x00007ff8e21cd000 	C:\WINDOWS\SYSTEM32\POWRPROF.dll
0x00007ff8e2160000 - 0x00007ff8e2173000 	C:\WINDOWS\SYSTEM32\UMPDC.dll
0x00007ff8d59b0000 - 0x00007ff8d59e5000 	C:\WINDOWS\SYSTEM32\amdihk64.dll
0x00007ff8dbe90000 - 0x00007ff8dbeda000 	C:\WINDOWS\SYSTEM32\directxdatabasehelper.dll
0x00007ff8a68f0000 - 0x00007ff8a6977000 	C:\Program Files\Java\jdk-17\bin\freetype.dll
0x00007ff8a1e20000 - 0x00007ff8a1ef3000 	C:\Program Files\Java\jdk-17\bin\fontmanager.dll
0x00007ff8d1ae0000 - 0x00007ff8d1c2b000 	C:\WINDOWS\SYSTEM32\textinputframework.dll

dbghelp: loaded successfully - version: 4.0.5 - missing functions: none
symbol engine: initialized successfully - sym options: 0x614 - pdb path: .;C:\Program Files\Java\jdk-17\bin;C:\WINDOWS\SYSTEM32;C:\WINDOWS\WinSxS\amd64_microsoft.windows.common-controls_6595b64144ccf1df_6.0.22621.3527_none_270e469b73872a76;C:\Program Files\Java\jdk-17\bin\server;C:\WINDOWS\System32\DriverStore\FileRepository\u0395598.inf_amd64_ddc78b0127c2a6a5\B394313

VM Arguments:
jvm_args: -Dfile.encoding=UTF-8 --module-path=E:\sssss\bank managemwnt system\build\classes 
java_command: bank.management.system.SignupThree
java_class_path (initial): E:\sssss\jcalendar-tz-1.3.3-4.jar;E:\sssss\mysql-connector-java-8.0.28.jar;E:\sssss\bank managemwnt system\build\classes
Launcher Type: SUN_STANDARD

[Global flags]
     intx CICompilerCount                          = 4                                         {product} {ergonomic}
     uint ConcGCThreads                            = 3                                         {product} {ergonomic}
     uint G1ConcRefinementThreads                  = 10                                        {product} {ergonomic}
   size_t G1HeapRegionSize                         = 1048576                                   {product} {ergonomic}
    uintx GCDrainStackTargetSize                   = 64                                        {product} {ergonomic}
   size_t InitialHeapSize                          = 123731968                                 {product} {ergonomic}
   size_t MarkStackSize                            = 4194304                                   {product} {ergonomic}
   size_t MaxHeapSize                              = 1975517184                                {product} {ergonomic}
   size_t MaxNewSize                               = 1184890880                                {product} {ergonomic}
   size_t MinHeapDeltaBytes                        = 1048576                                   {product} {ergonomic}
   size_t MinHeapSize                              = 8388608                                   {product} {ergonomic}
    uintx NonNMethodCodeHeapSize                   = 5839372                                {pd product} {ergonomic}
    uintx NonProfiledCodeHeapSize                  = 122909434                              {pd product} {ergonomic}
    uintx ProfiledCodeHeapSize                     = 122909434                              {pd product} {ergonomic}
    uintx ReservedCodeCacheSize                    = 251658240                              {pd product} {ergonomic}
     bool SegmentedCodeCache                       = true                                      {product} {ergonomic}
   size_t SoftMaxHeapSize                          = 1975517184                             {manageable} {ergonomic}
     bool UseCompressedClassPointers               = true                           {product lp64_product} {ergonomic}
     bool UseCompressedOops                        = true                           {product lp64_product} {ergonomic}
     bool UseG1GC                                  = true                                      {product} {ergonomic}
     bool UseLargePagesIndividualAllocation        = false                                  {pd product} {ergonomic}

Logging:
Log output configuration:
 #0: stdout all=warning uptime,level,tags
 #1: stderr all=off uptime,level,tags

Environment Variables:
JAVA_HOME=C:\Program Files\Java\jdk-17
PATH=C:\Program Files\Python312\Scripts\;C:\Program Files\Python312\;C:\Program Files\Common Files\Oracle\Java\javapath;C:\WINDOWS\system32;C:\WINDOWS;C:\WINDOWS\System32\Wbem;C:\WINDOWS\System32\WindowsPowerShell\v1.0\;C:\WINDOWS\System32\OpenSSH\;C:\Program Files\Git\cmd;C:\Program Files\dotnet\;C:\;C:\Program Files\Java\jdk-17\bin;C:\Program Files\MySQL\MySQL Shell 8.0\bin\;C:\Users\Piyush khare\AppData\Local\Microsoft\WindowsApps;C:\Users\Piyush khare\AppData\Local\Programs\Microsoft VS Code\bin;C:\Users\Piyush khare\AppData\Local\GitHubDesktop\bin;C:\Users\Piyush khare\AppData\Roaming\npm;C:\Program Files\Git\bin;;E:\Python\PyCharm Community Edition 2024.1.1\bin;
USERNAME=Piyush khare
OS=Windows_NT
PROCESSOR_IDENTIFIER=AMD64 Family 23 Model 104 Stepping 1, AuthenticAMD



---------------  S Y S T E M  ---------------

OS:
 Windows 11 , 64 bit Build 22621 (10.0.22621.3527)
OS uptime: 6 days 3:41 hours

CPU: total 12 (initial active 12) (12 cores per cpu, 2 threads per core) family 23 model 104 stepping 1 microcode 0x0, cx8, cmov, fxsr, ht, mmx, 3dnowpref, sse, sse2, sse3, ssse3, sse4a, sse4.1, sse4.2, popcnt, lzcnt, tsc, tscinvbit, avx, avx2, aes, clmul, bmi1, bmi2, adx, sha, fma, vzeroupper, clflush, clflushopt

Memory: 4k page, system-wide physical 7528M (769M free)
TotalPageFile size 31080M (AvailPageFile size 0M)
current process WorkingSet (physical memory assigned to process): 87M, peak: 87M
current process commit charge ("private bytes"): 240M, peak: 243M

vm_info: Java HotSpot(TM) 64-Bit Server VM (17.0.10+11-LTS-240) for windows-amd64 JRE (17.0.10+11-LTS-240), built on Dec 19 2023 21:47:25 by "mach5one" with MS VC++ 17.1 (VS2022)

END.
